<?xml version="1.0" encoding="UTF-8"?>
<!-- Generated by org.testng.reporters.JUnitXMLReporter -->
<testsuite ignored="0" hostname="DESKTOP-A2N5J10" failures="6" tests="8" name="Test" time="16.777" errors="0" timestamp="2024-01-23T15:38:15 IST">
  <testcase classname="api.test.UserRegistrationTest" name="testPostsendOTP" time="6.439">
    <failure type="java.lang.AssertionError" message="expected [200] but found [400]">
      <![CDATA[java.lang.AssertionError: expected [200] but found [400]
at api.test.UserRegistrationTest.testPostsendOTP(UserRegistrationTest.java:29)
at java.base/java.util.ArrayList.forEach(ArrayList.java:1596)
... Removed 32 stack frames]]>
    </failure>
  </testcase> <!-- testPostsendOTP -->
  <testcase classname="api.test.UserRegistrationTest" name="testPostVerifyOTP" time="0.382">
    <failure type="java.lang.AssertionError" message="expected [200] but found [400]">
      <![CDATA[java.lang.AssertionError: expected [200] but found [400]
at api.test.UserRegistrationTest.testPostVerifyOTP(UserRegistrationTest.java:36)
at java.base/java.util.ArrayList.forEach(ArrayList.java:1596)
... Removed 32 stack frames]]>
    </failure>
  </testcase> <!-- testPostVerifyOTP -->
  <testcase classname="api.test.UserRegistrationTest" name="testPostsignUp" time="0.291">
    <failure type="java.lang.AssertionError" message="expected [200] but found [400]">
      <![CDATA[java.lang.AssertionError: expected [200] but found [400]
at api.test.UserRegistrationTest.testPostsignUp(UserRegistrationTest.java:43)
at java.base/java.util.ArrayList.forEach(ArrayList.java:1596)
... Removed 32 stack frames]]>
    </failure>
  </testcase> <!-- testPostsignUp -->
  <testcase classname="api.test.UserRegistrationTest" name="testPostsignIn" time="0.649"/>
  <testcase classname="api.test.UserRegistrationTest" name="testPostsignIn" time="0.387">
    <failure type="java.lang.AssertionError" message="expected [200] but found [400]">
      <![CDATA[java.lang.AssertionError: expected [200] but found [400]
at api.test.UserRegistrationTest.testPostsignIn(UserRegistrationTest.java:56)
at java.base/java.util.ArrayList.forEach(ArrayList.java:1596)
... Removed 32 stack frames]]>
    </failure>
  </testcase> <!-- testPostsignIn -->
  <testcase classname="api.test.UserRegistrationTest" name="testPostsignIn" time="0.496">
    <failure type="java.lang.AssertionError" message="expected [200] but found [400]">
      <![CDATA[java.lang.AssertionError: expected [200] but found [400]
at api.test.UserRegistrationTest.testPostsignIn(UserRegistrationTest.java:56)
at java.base/java.util.ArrayList.forEach(ArrayList.java:1596)
... Removed 32 stack frames]]>
    </failure>
  </testcase> <!-- testPostsignIn -->
  <testcase classname="api.test.UserRegistrationTest" name="testPostForgotOTP" time="3.577"/>
  <testcase classname="api.test.UserRegistrationTest" name="testPostForgotPass" time="0.396">
    <failure type="java.lang.AssertionError" message="expected [200] but found [400]">
      <![CDATA[java.lang.AssertionError: expected [200] but found [400]
at api.test.UserRegistrationTest.testPostForgotPass(UserRegistrationTest.java:70)
at java.base/java.util.ArrayList.forEach(ArrayList.java:1596)
... Removed 32 stack frames]]>
    </failure>
  </testcase> <!-- testPostForgotPass -->
</testsuite> <!-- Test -->
