<?xml version="1.0" encoding="UTF-8"?>
<!-- Generated by org.testng.reporters.JUnitXMLReporter -->
<testsuite ignored="0" hostname="DESKTOP-A2N5J10" failures="2" tests="3" name="Test" time="4.811" errors="0" timestamp="2024-01-22T13:50:06 IST">
  <testcase classname="api.test.UserRegistrationTest" name="testPostsignIn" time="1.872"/>
  <testcase classname="api.test.UserRegistrationTest" name="testPostsignIn" time="0.634">
    <failure type="java.lang.AssertionError" message="expected [200] but found [400]">
      <![CDATA[java.lang.AssertionError: expected [200] but found [400]
at api.test.UserRegistrationTest.testPostsignIn(UserRegistrationTest.java:55)
at java.base/java.util.ArrayList.forEach(ArrayList.java:1596)
... Removed 32 stack frames]]>
    </failure>
  </testcase> <!-- testPostsignIn -->
  <testcase classname="api.test.UserRegistrationTest" name="testPostsignIn" time="0.831">
    <failure type="java.lang.AssertionError" message="expected [200] but found [400]">
      <![CDATA[java.lang.AssertionError: expected [200] but found [400]
at api.test.UserRegistrationTest.testPostsignIn(UserRegistrationTest.java:55)
at java.base/java.util.ArrayList.forEach(ArrayList.java:1596)
... Removed 32 stack frames]]>
    </failure>
  </testcase> <!-- testPostsignIn -->
</testsuite> <!-- Test -->
